0 info it worked if it ends with ok
1 verbose cli [ 'D:\\Program Files\\nodejs\\node.exe',
1 verbose cli   'D:\\Program Files\\nodejs\\node_global\\node_modules\\npm\\bin\\npm-cli.js',
1 verbose cli   'run',
1 verbose cli   'dev' ]
2 info using npm@6.4.1
3 info using node@v10.13.0
4 verbose stack Error: ENOENT: no such file or directory, open 'D:\phpStudy2018\PHPTutorial\WWW\oauth_oa\package.json'
5 verbose cwd D:\phpStudy2018\PHPTutorial\WWW\oauth_oa
6 verbose Windows_NT 6.1.7601
7 verbose argv "D:\\Program Files\\nodejs\\node.exe" "D:\\Program Files\\nodejs\\node_global\\node_modules\\npm\\bin\\npm-cli.js" "run" "dev"
8 verbose node v10.13.0
9 verbose npm  v6.4.1
10 error path D:\phpStudy2018\PHPTutorial\WWW\oauth_oa\package.json
11 error code ENOENT
12 error errno -4058
13 error syscall open
14 error enoent ENOENT: no such file or directory, open 'D:\phpStudy2018\PHPTutorial\WWW\oauth_oa\package.json'
15 error enoent This is related to npm not being able to find a file.
16 verbose exit [ -4058, true ]
